0 info it worked if it ends with ok
1 verbose cli [ 'node',
1 verbose cli   '/usr/local/bin/npm',
1 verbose cli   'install',
1 verbose cli   '-g',
1 verbose cli   'generator-express-mysql' ]
2 info using npm@2.7.6
3 info using node@v0.12.2
4 verbose install initial load of /usr/local/lib/package.json
5 verbose readDependencies loading dependencies from /usr/local/lib/package.json
6 silly cache add args [ 'generator-express-mysql', null ]
7 verbose cache add spec generator-express-mysql
8 silly cache add parsed spec { raw: 'generator-express-mysql',
8 silly cache add   scope: null,
8 silly cache add   name: 'generator-express-mysql',
8 silly cache add   rawSpec: '',
8 silly cache add   spec: '*',
8 silly cache add   type: 'range' }
9 silly addNamed generator-express-mysql@*
10 verbose addNamed "*" is a valid semver range for generator-express-mysql
11 silly addNameRange { name: 'generator-express-mysql', range: '*', hasData: false }
12 silly mapToRegistry name generator-express-mysql
13 silly mapToRegistry using default registry
14 silly mapToRegistry registry https://registry.npmjs.org/
15 silly mapToRegistry uri https://registry.npmjs.org/generator-express-mysql
16 verbose addNameRange registry:https://registry.npmjs.org/generator-express-mysql not in flight; fetching
17 verbose request uri https://registry.npmjs.org/generator-express-mysql
18 verbose request no auth needed
19 info attempt registry request try #1 at 8:44:10 PM
20 verbose request id ea6ca731b41c474a
21 http request GET https://registry.npmjs.org/generator-express-mysql
22 http 200 https://registry.npmjs.org/generator-express-mysql
23 silly get cb [ 200,
23 silly get   { server: 'CouchDB/1.5.0 (Erlang OTP/R16B03)',
23 silly get     etag: '"6T8UDXBKA63IELGU84A0IS14A"',
23 silly get     'content-type': 'application/json',
23 silly get     'cache-control': 'max-age=60',
23 silly get     'content-length': '11261',
23 silly get     'accept-ranges': 'bytes',
23 silly get     date: 'Mon, 04 May 2015 01:44:18 GMT',
23 silly get     via: '1.1 varnish',
23 silly get     age: '0',
23 silly get     connection: 'keep-alive',
23 silly get     'x-served-by': 'cache-ord1731-ORD',
23 silly get     'x-cache': 'MISS',
23 silly get     'x-cache-hits': '0',
23 silly get     'x-timer': 'S1430703858.042944,VS0,VE69',
23 silly get     vary: 'Accept' } ]
24 verbose get saving generator-express-mysql to /Users/mauricio/.npm/registry.npmjs.org/generator-express-mysql/.cache.json
25 silly addNameRange number 2 { name: 'generator-express-mysql', range: '*', hasData: true }
26 silly addNameRange versions [ 'generator-express-mysql', [ '0.0.1', '0.0.2', '0.0.3' ] ]
27 silly addNamed generator-express-mysql@0.0.3
28 verbose addNamed "0.0.3" is a plain semver version for generator-express-mysql
29 silly mapToRegistry name generator-express-mysql
30 silly mapToRegistry using default registry
31 silly mapToRegistry registry https://registry.npmjs.org/
32 silly mapToRegistry uri https://registry.npmjs.org/generator-express-mysql
33 verbose addRemoteTarball https://registry.npmjs.org/generator-express-mysql/-/generator-express-mysql-0.0.3.tgz not in flight; adding
34 verbose addRemoteTarball [ 'https://registry.npmjs.org/generator-express-mysql/-/generator-express-mysql-0.0.3.tgz',
34 verbose addRemoteTarball   '6c284b730d2fc37953ff626e9e9df87e5bcceb0b' ]
35 info retry fetch attempt 1 at 8:44:10 PM
36 info attempt registry request try #1 at 8:44:10 PM
37 http fetch GET https://registry.npmjs.org/generator-express-mysql/-/generator-express-mysql-0.0.3.tgz
38 http fetch 200 https://registry.npmjs.org/generator-express-mysql/-/generator-express-mysql-0.0.3.tgz
39 silly fetchAndShaCheck shasum 6c284b730d2fc37953ff626e9e9df87e5bcceb0b
40 verbose addTmpTarball /var/folders/42/c507j12n4d94pj0wb0j1vt7c0000gn/T/npm-35865-2c0ccc5f/registry.npmjs.org/generator-express-mysql/-/generator-express-mysql-0.0.3.tgz not in flight; adding
41 verbose addTmpTarball already have metadata; skipping unpack for generator-express-mysql@0.0.3
42 silly cache afterAdd generator-express-mysql@0.0.3
43 verbose afterAdd /Users/mauricio/.npm/generator-express-mysql/0.0.3/package/package.json not in flight; writing
44 verbose afterAdd /Users/mauricio/.npm/generator-express-mysql/0.0.3/package/package.json written
45 silly install resolved [ { name: 'generator-express-mysql',
45 silly install resolved     version: '0.0.3',
45 silly install resolved     description: 'A nodejs express-mysql generator for Yeoman',
45 silly install resolved     keywords: [ 'yeoman-generator', 'express', 'mysql', 'scaffold' ],
45 silly install resolved     homepage: 'https://github.com/DeanXu/generator-express-mysql',
45 silly install resolved     bugs: { url: 'https://github.com/DeanXu/generator-express-mysql/issues' },
45 silly install resolved     author:
45 silly install resolved      { name: 'DeanXu',
45 silly install resolved        email: 'xdx158@gmail.com',
45 silly install resolved        url: 'https://github.com/DeanXu' },
45 silly install resolved     contributors: [ [Object] ],
45 silly install resolved     main: 'app/index.js',
45 silly install resolved     repository:
45 silly install resolved      { type: 'git',
45 silly install resolved        url: 'git://github.com/DeanXu/generator-express-mysql.git' },
45 silly install resolved     scripts: { test: 'mocha' },
45 silly install resolved     dependencies: { 'yeoman-generator': '~0.13.3' },
45 silly install resolved     devDependencies: { mocha: '~1.12.0' },
45 silly install resolved     peerDependencies: { yo: '>=1.0.0-rc.1' },
45 silly install resolved     engines: { node: '>=0.8.0', npm: '>=1.2.10' },
45 silly install resolved     licenses: [ [Object] ],
45 silly install resolved     readme: '# Generator express-mysql\nAn Expressjs-mysql generator for Yeoman, based on the express command line tool.\n\n## Getting started\n- Make sure you have [yo](https://github.com/yeoman/yo) installed:\n    `npm install -g yo`\n- Install the generator **locally**: `npm install generator-express-mysql`\n- Run: `yo express-mysql`\n- Run: `grunt` to run the local server at `localhost:3000`, the grunt tasks include live reloading for .jade views, css in public/stylesheets and restarting the server for changes to app.js or js in routes/\n\n## MVC apps\nI\'ve created a new generator for creating MVC style apps in express. It uses MySql as it\'s default database, you will need to have it installed and running to get the default app running.\n\nTo get going:\n\n- Make sure you have [yo](https://github.com/yeoman/yo) installed:\n    `npm install -g yo`\n- Install the generator **locally**: `npm install generator-express-mysql`\n- Ensure that MySql is running on your machine, if running elsewhere the connection string can be changed in `config/config.js`\n- Run: `yo express-mysql --mvc`\n- Run: `grunt` to run the local server - defaults to `localhost:3000` - port can be changed in `config/config.js`. The grunt tasks include live reloading as before.\n\n##Options\n\n- `--skip-install`\n\n  Skips the automatic execution of `bower` and `npm` after\n  scaffolding has finished.\n\n- `--mvc`\n\n  Installs MVC style scaffolding.\n\n##Testing\nTests are written with mocha.\n- Install: `npm install -g mocha`\n- Run: `mocha`\n\n##Contributing\nContributors are welcome, please fork and send pull requests! If you have any ideas on how to make this project better then please submit an issue.\n\n## License\n[MIT License](http://en.wikipedia.org/wiki/MIT_License)\n',
45 silly install resolved     readmeFilename: 'README.md',
45 silly install resolved     _id: 'generator-express-mysql@0.0.3',
45 silly install resolved     dist:
45 silly install resolved      { shasum: '6c284b730d2fc37953ff626e9e9df87e5bcceb0b',
45 silly install resolved        tarball: 'http://registry.npmjs.org/generator-express-mysql/-/generator-express-mysql-0.0.3.tgz' },
45 silly install resolved     _from: 'generator-express-mysql@*',
45 silly install resolved     _npmVersion: '1.3.14',
45 silly install resolved     _npmUser: { name: 'deanxu', email: 'i@xdx.so' },
45 silly install resolved     maintainers: [ [Object] ],
45 silly install resolved     directories: {},
45 silly install resolved     _shasum: '6c284b730d2fc37953ff626e9e9df87e5bcceb0b',
45 silly install resolved     _resolved: 'https://registry.npmjs.org/generator-express-mysql/-/generator-express-mysql-0.0.3.tgz' } ]
46 info install generator-express-mysql@0.0.3 into /usr/local/lib
47 info installOne generator-express-mysql@0.0.3
48 verbose installOne of generator-express-mysql to /usr/local/lib not in flight; installing
49 warn locking Error: EACCES, open '/Users/mauricio/.npm/_locks/generator-express-mysql-668e864caeb17b53.lock'
49 warn locking     at Error (native)
49 warn locking  /Users/mauricio/.npm/_locks/generator-express-mysql-668e864caeb17b53.lock failed { [Error: EACCES, open '/Users/mauricio/.npm/_locks/generator-express-mysql-668e864caeb17b53.lock']
49 warn locking   errno: -13,
49 warn locking   code: 'EACCES',
49 warn locking   path: '/Users/mauricio/.npm/_locks/generator-express-mysql-668e864caeb17b53.lock' }
50 verbose stack Error: Attempt to unlock /usr/local/lib/node_modules/generator-express-mysql, which hasn't been locked
50 verbose stack     at unlock (/usr/local/lib/node_modules/npm/lib/utils/locker.js:66:11)
50 verbose stack     at cb (/usr/local/lib/node_modules/npm/lib/install.js:1013:5)
50 verbose stack     at /usr/local/lib/node_modules/npm/lib/install.js:1017:20
50 verbose stack     at /usr/local/lib/node_modules/npm/lib/utils/locker.js:40:9
50 verbose stack     at cb (/usr/local/lib/node_modules/npm/node_modules/lockfile/lockfile.js:149:38)
50 verbose stack     at /usr/local/lib/node_modules/npm/node_modules/lockfile/lockfile.js:177:38
50 verbose stack     at FSReqWrap.oncomplete (fs.js:95:15)
51 verbose cwd /Users/mauricio/Documents/pastedit
52 error Darwin 11.4.2
53 error argv "node" "/usr/local/bin/npm" "install" "-g" "generator-express-mysql"
54 error node v0.12.2
55 error npm  v2.7.6
56 error Attempt to unlock /usr/local/lib/node_modules/generator-express-mysql, which hasn't been locked
57 error If you need help, you may report this error at:
57 error     <https://github.com/npm/npm/issues>
58 verbose exit [ 1, true ]
